{
  "numFailedTestSuites": 0,
  "numFailedTests": 0,
  "numPassedTestSuites": 1,
  "numPassedTests": 3,
  "numPendingTestSuites": 0,
  "numPendingTests": 0,
  "numRuntimeErrorTestSuites": 0,
  "numTodoTests": 0,
  "numTotalTestSuites": 1,
  "numTotalTests": 3,
  "openHandles": [],
  "snapshot": {
    "added": 0,
    "didUpdate": false,
    "failure": false,
    "filesAdded": 0,
    "filesRemoved": 0,
    "filesRemovedList": [],
    "filesUnmatched": 0,
    "filesUpdated": 0,
    "matched": 0,
    "total": 0,
    "unchecked": 0,
    "uncheckedKeysByFile": [],
    "unmatched": 0,
    "updated": 0
  },
  "startTime": 1578207181769,
  "success": false,
  "testResults": [
    {
      "failureMessage": null,
      "leaks": false,
      "numFailingTests": 0,
      "numPassingTests": 3,
      "numPendingTests": 0,
      "numTodoTests": 0,
      "openHandles": [],
      "perfStats": {
        "end": 1578207184541,
        "start": 1578207181809
      },
      "skipped": false,
      "snapshot": {
        "added": 0,
        "fileDeleted": false,
        "matched": 0,
        "unchecked": 0,
        "uncheckedKeys": [],
        "unmatched": 0,
        "updated": 0
      },
      "testFilePath": "/home/runner/work/github-action-standalone-stats/github-action-standalone-stats/tests/main.ts",
      "testResults": [
        {
          "ancestorTitles": [],
          "duration": 8,
          "failureMessages": [],
          "fullName": "throws invalid number",
          "invocations": 1,
          "location": null,
          "numPassingAsserts": 0,
          "status": "passed",
          "title": "throws invalid number"
        },
        {
          "ancestorTitles": [],
          "duration": 502,
          "failureMessages": [],
          "fullName": "wait 500 ms",
          "invocations": 1,
          "location": null,
          "numPassingAsserts": 0,
          "status": "passed",
          "title": "wait 500 ms"
        },
        {
          "ancestorTitles": [],
          "duration": 58,
          "failureMessages": [],
          "fullName": "test runs",
          "invocations": 1,
          "location": null,
          "numPassingAsserts": 0,
          "status": "passed",
          "title": "test runs"
        }
      ]
    }
  ],
  "wasInterrupted": false
}